

times in msec
 clock   self+sourced   self:  sourced script
 clock   elapsed:              other lines

000.018  000.018: --- VIM STARTING ---
000.695  000.677: Allocated generic buffers
001.929  001.234: locale set
001.951  000.022: clipboard setup
001.971  000.020: window checked
003.358  001.387: inits 1
003.478  000.120: parsing arguments
003.484  000.006: expanding arguments
003.534  000.050: shell init
011.745  008.211: xsmp init
012.393  000.648: Termcap init
012.426  000.033: inits 2
012.617  000.191: init highlight
013.585  000.449  000.449: sourcing /usr/share/vim/current/syntax/syncolor.vim
013.854  000.849  000.400: sourcing /usr/share/vim/current/syntax/synload.vim
057.567  000.323  000.323: sourcing /usr/share/vim/site/ftdetect/conkyrc.vim
057.858  043.904  043.581: sourcing /usr/share/vim/current/filetype.vim
057.937  045.090  000.337: sourcing /usr/share/vim/current/syntax/syntax.vim
059.260  046.534  001.444: sourcing /etc/vimrc
060.372  000.957  000.957: sourcing /home/kenny/.vim/autoload/pathogen.vim
072.352  000.028  000.028: sourcing /usr/share/vim/current/filetype.vim
072.645  000.092  000.092: sourcing /usr/share/vim/current/ftplugin.vim
072.868  000.022  000.022: sourcing /usr/share/vim/current/filetype.vim
073.137  000.078  000.078: sourcing /usr/share/vim/current/indent.vim
073.644  000.244  000.244: sourcing /usr/share/vim/vim73/syntax/nosyntax.vim
074.455  000.376  000.376: sourcing /usr/share/vim/current/syntax/syncolor.vim
074.676  000.825  000.449: sourcing /usr/share/vim/current/syntax/synload.vim
074.749  001.434  000.365: sourcing /usr/share/vim/current/syntax/syntax.vim
075.580  000.429  000.429: sourcing /usr/share/vim/current/syntax/syncolor.vim
076.354  000.404  000.404: sourcing /usr/share/vim/current/syntax/syncolor.vim
077.305  000.410  000.410: sourcing /usr/share/vim/current/syntax/syncolor.vim
078.301  000.629  000.629: sourcing /usr/share/vim/current/syntax/syncolor.vim
079.848  003.355  002.316: sourcing /home/kenny/.vim/bundle/peaksea/colors/peaksea.vim
080.345  021.004  014.205: sourcing $HOME/.vimrc
080.360  000.205: sourcing vimrc file(s)
096.184  015.672  015.672: sourcing /home/kenny/.vim/bundle/command-t/plugin/command-t.vim
128.624  032.242  032.242: sourcing /home/kenny/.vim/bundle/nerdcommenter/plugin/NERD_commenter.vim
169.354  000.249  000.249: sourcing /home/kenny/.vim/bundle/nerdtree/nerdtree_plugin/exec_menuitem.vim
170.342  000.926  000.926: sourcing /home/kenny/.vim/bundle/nerdtree/nerdtree_plugin/fs_menu.vim
170.726  041.335  040.160: sourcing /home/kenny/.vim/bundle/nerdtree/plugin/NERD_tree.vim
173.265  002.367  002.367: sourcing /home/kenny/.vim/bundle/supertab/plugin/supertab.vim
174.644  000.979  000.979: sourcing /home/kenny/.vim/bundle/vim-easymotion/autoload/EasyMotion.vim
179.571  006.106  005.127: sourcing /home/kenny/.vim/bundle/vim-easymotion/plugin/EasyMotion.vim
187.450  007.716  007.716: sourcing /home/kenny/.vim/bundle/vim-fugitive/plugin/fugitive.vim
194.438  006.786  006.786: sourcing /home/kenny/.vim/bundle/zencoding-vim/plugin/zencoding.vim
195.112  000.199  000.199: sourcing /usr/share/vim/current/plugin/getscriptPlugin.vim
195.630  000.449  000.449: sourcing /usr/share/vim/current/plugin/gzip.vim
196.130  000.437  000.437: sourcing /usr/share/vim/current/plugin/matchparen.vim
197.911  001.708  001.708: sourcing /usr/share/vim/current/plugin/netrwPlugin.vim
198.083  000.098  000.098: sourcing /usr/share/vim/current/plugin/rrhelper.vim
198.241  000.104  000.104: sourcing /usr/share/vim/current/plugin/spellfile.vim
198.658  000.364  000.364: sourcing /usr/share/vim/current/plugin/tarPlugin.vim
198.839  000.121  000.121: sourcing /usr/share/vim/current/plugin/tohtml.vim
199.251  000.360  000.360: sourcing /usr/share/vim/current/plugin/vimballPlugin.vim
199.564  000.252  000.252: sourcing /usr/share/vim/current/plugin/zipPlugin.vim
199.646  002.970: loading plugins
200.924  001.278: inits 3
201.652  000.728: reading viminfo
206.884  005.232: setup clipboard
206.905  000.021: setting raw mode
206.938  000.033: start termcap
207.210  000.272: clearing screen
210.463  000.125  000.125: sourcing /usr/share/vim/current/ftplugin/css.vim
211.269  000.193  000.193: sourcing /usr/share/vim/current/indent/css.vim
215.336  003.519  003.519: sourcing /usr/share/vim/current/syntax/css.vim
7994.257  7778.797  7778.797: sourcing /home/kenny/.vim/bundle/vim-css-color/after/syntax/css.vim
7998.315  008.471: opening buffers
7998.557  000.242: BufEnter autocommands
7998.567  000.010: editing files in windows
7998.864  000.297: VimEnter autocommands
7998.868  000.004: before starting main loop
8000.631  002.763: first screen update
8000.638  000.007: --- VIM STARTED ---


times in msec
 clock   self+sourced   self:  sourced script
 clock   elapsed:              other lines

000.009  000.009: --- VIM STARTING ---
000.165  000.156: Allocated generic buffers
000.854  000.689: locale set
000.868  000.014: clipboard setup
000.881  000.013: window checked
001.677  000.796: inits 1
001.749  000.072: parsing arguments
001.753  000.004: expanding arguments
001.782  000.029: shell init
003.660  001.878: xsmp init
004.223  000.563: Termcap init
004.254  000.031: inits 2
004.484  000.230: init highlight
005.411  000.424  000.424: sourcing /usr/share/vim/current/syntax/syncolor.vim
005.908  001.056  000.632: sourcing /usr/share/vim/current/syntax/synload.vim
035.280  000.119  000.119: sourcing /usr/share/vim/site/ftdetect/conkyrc.vim
035.612  029.587  029.468: sourcing /usr/share/vim/current/filetype.vim
035.697  031.000  000.357: sourcing /usr/share/vim/current/syntax/syntax.vim
037.069  032.488  001.488: sourcing /etc/vimrc
038.231  000.973  000.973: sourcing /home/kenny/.vim/autoload/pathogen.vim
050.049  000.027  000.027: sourcing /usr/share/vim/current/filetype.vim
050.378  000.145  000.145: sourcing /usr/share/vim/current/ftplugin.vim
050.646  000.026  000.026: sourcing /usr/share/vim/current/filetype.vim
050.911  000.085  000.085: sourcing /usr/share/vim/current/indent.vim
051.445  000.289  000.289: sourcing /usr/share/vim/vim73/syntax/nosyntax.vim
052.497  000.409  000.409: sourcing /usr/share/vim/current/syntax/syncolor.vim
052.716  001.070  000.661: sourcing /usr/share/vim/current/syntax/synload.vim
052.791  001.720  000.361: sourcing /usr/share/vim/current/syntax/syntax.vim
053.614  000.413  000.413: sourcing /usr/share/vim/current/syntax/syncolor.vim
054.377  000.393  000.393: sourcing /usr/share/vim/current/syntax/syncolor.vim
055.354  000.402  000.402: sourcing /usr/share/vim/current/syntax/syncolor.vim
056.171  000.398  000.398: sourcing /usr/share/vim/current/syntax/syncolor.vim
057.664  003.121  002.321: sourcing /home/kenny/.vim/bundle/peaksea/colors/peaksea.vim
058.169  020.992  014.089: sourcing $HOME/.vimrc
058.184  000.220: sourcing vimrc file(s)
075.461  017.118  017.118: sourcing /home/kenny/.vim/bundle/command-t/plugin/command-t.vim
102.326  026.664  026.664: sourcing /home/kenny/.vim/bundle/nerdcommenter/plugin/NERD_commenter.vim
146.948  000.234  000.234: sourcing /home/kenny/.vim/bundle/nerdtree/nerdtree_plugin/exec_menuitem.vim
147.915  000.900  000.900: sourcing /home/kenny/.vim/bundle/nerdtree/nerdtree_plugin/fs_menu.vim
148.244  045.585  044.451: sourcing /home/kenny/.vim/bundle/nerdtree/plugin/NERD_tree.vim
150.801  002.403  002.403: sourcing /home/kenny/.vim/bundle/supertab/plugin/supertab.vim
152.151  000.975  000.975: sourcing /home/kenny/.vim/bundle/vim-easymotion/autoload/EasyMotion.vim
156.897  005.912  004.937: sourcing /home/kenny/.vim/bundle/vim-easymotion/plugin/EasyMotion.vim
164.486  007.424  007.424: sourcing /home/kenny/.vim/bundle/vim-fugitive/plugin/fugitive.vim
182.001  017.305  017.305: sourcing /home/kenny/.vim/bundle/zencoding-vim/plugin/zencoding.vim
183.322  000.371  000.371: sourcing /usr/share/vim/current/plugin/getscriptPlugin.vim
184.442  001.025  001.025: sourcing /usr/share/vim/current/plugin/gzip.vim
185.347  000.791  000.791: sourcing /usr/share/vim/current/plugin/matchparen.vim
190.980  005.498  005.498: sourcing /usr/share/vim/current/plugin/netrwPlugin.vim
191.315  000.180  000.180: sourcing /usr/share/vim/current/plugin/rrhelper.vim
191.586  000.171  000.171: sourcing /usr/share/vim/current/plugin/spellfile.vim
192.126  000.445  000.445: sourcing /usr/share/vim/current/plugin/tarPlugin.vim
192.306  000.121  000.121: sourcing /usr/share/vim/current/plugin/tohtml.vim
192.715  000.358  000.358: sourcing /usr/share/vim/current/plugin/vimballPlugin.vim
193.024  000.248  000.248: sourcing /usr/share/vim/current/plugin/zipPlugin.vim
193.086  003.283: loading plugins
194.328  001.242: inits 3
195.062  000.734: reading viminfo
200.641  005.579: setup clipboard
200.663  000.022: setting raw mode
200.697  000.034: start termcap
200.741  000.044: clearing screen
203.980  000.126  000.126: sourcing /usr/share/vim/current/ftplugin/css.vim
204.735  000.175  000.175: sourcing /usr/share/vim/current/indent/css.vim
208.914  003.661  003.661: sourcing /usr/share/vim/current/syntax/css.vim
214.407  009.704: opening buffers
214.675  000.268: BufEnter autocommands
214.687  000.012: editing files in windows
215.043  000.356: VimEnter autocommands
215.047  000.004: before starting main loop
217.355  002.308: first screen update
217.361  000.006: --- VIM STARTED ---


times in msec
 clock   self+sourced   self:  sourced script
 clock   elapsed:              other lines

000.010  000.010: --- VIM STARTING ---
000.181  000.171: Allocated generic buffers
000.602  000.421: locale set
000.614  000.012: clipboard setup
000.626  000.012: window checked
001.911  001.285: inits 1
001.987  000.076: parsing arguments
001.991  000.004: expanding arguments
002.021  000.030: shell init
003.876  001.855: xsmp init
004.480  000.604: Termcap init
004.510  000.030: inits 2
004.699  000.189: init highlight
005.636  000.426  000.426: sourcing /usr/share/vim/current/syntax/syncolor.vim
005.916  000.852  000.426: sourcing /usr/share/vim/current/syntax/synload.vim
048.876  000.109  000.109: sourcing /usr/share/vim/site/ftdetect/conkyrc.vim
049.186  043.172  043.063: sourcing /usr/share/vim/current/filetype.vim
049.267  044.357  000.333: sourcing /usr/share/vim/current/syntax/syntax.vim
050.577  045.787  001.430: sourcing /etc/vimrc
051.659  000.928  000.928: sourcing /home/kenny/.vim/autoload/pathogen.vim
063.357  000.029  000.029: sourcing /usr/share/vim/current/filetype.vim
063.655  000.094  000.094: sourcing /usr/share/vim/current/ftplugin.vim
063.882  000.022  000.022: sourcing /usr/share/vim/current/filetype.vim
064.169  000.093  000.093: sourcing /usr/share/vim/current/indent.vim
064.665  000.246  000.246: sourcing /usr/share/vim/vim73/syntax/nosyntax.vim
065.487  000.375  000.375: sourcing /usr/share/vim/current/syntax/syncolor.vim
065.713  000.834  000.459: sourcing /usr/share/vim/current/syntax/synload.vim
065.786  001.451  000.371: sourcing /usr/share/vim/current/syntax/syntax.vim
067.083  000.402  000.402: sourcing /usr/share/vim/current/syntax/syncolor.vim
067.862  000.383  000.383: sourcing /usr/share/vim/current/syntax/syncolor.vim
068.832  000.393  000.393: sourcing /usr/share/vim/current/syntax/syncolor.vim
069.621  000.393  000.393: sourcing /usr/share/vim/current/syntax/syncolor.vim
071.139  003.138  002.352: sourcing /home/kenny/.vim/bundle/peaksea/colors/peaksea.vim
071.664  021.005  014.465: sourcing $HOME/.vimrc
071.687  000.196: sourcing vimrc file(s)
087.466  015.600  015.600: sourcing /home/kenny/.vim/bundle/command-t/plugin/command-t.vim
109.581  021.910  021.910: sourcing /home/kenny/.vim/bundle/nerdcommenter/plugin/NERD_commenter.vim
142.932  000.231  000.231: sourcing /home/kenny/.vim/bundle/nerdtree/nerdtree_plugin/exec_menuitem.vim
143.896  000.902  000.902: sourcing /home/kenny/.vim/bundle/nerdtree/nerdtree_plugin/fs_menu.vim
144.318  034.539  033.406: sourcing /home/kenny/.vim/bundle/nerdtree/plugin/NERD_tree.vim
146.834  002.356  002.356: sourcing /home/kenny/.vim/bundle/supertab/plugin/supertab.vim
148.263  000.971  000.971: sourcing /home/kenny/.vim/bundle/vim-easymotion/autoload/EasyMotion.vim
152.768  005.716  004.745: sourcing /home/kenny/.vim/bundle/vim-easymotion/plugin/EasyMotion.vim
160.588  007.648  007.648: sourcing /home/kenny/.vim/bundle/vim-fugitive/plugin/fugitive.vim
167.610  006.798  006.798: sourcing /home/kenny/.vim/bundle/zencoding-vim/plugin/zencoding.vim
168.317  000.229  000.229: sourcing /usr/share/vim/current/plugin/getscriptPlugin.vim
168.825  000.454  000.454: sourcing /usr/share/vim/current/plugin/gzip.vim
169.329  000.448  000.448: sourcing /usr/share/vim/current/plugin/matchparen.vim
170.875  001.491  001.491: sourcing /usr/share/vim/current/plugin/netrwPlugin.vim
171.069  000.103  000.103: sourcing /usr/share/vim/current/plugin/rrhelper.vim
171.236  000.074  000.074: sourcing /usr/share/vim/current/plugin/spellfile.vim
171.705  000.417  000.417: sourcing /usr/share/vim/current/plugin/tarPlugin.vim
171.891  000.123  000.123: sourcing /usr/share/vim/current/plugin/tohtml.vim
172.307  000.362  000.362: sourcing /usr/share/vim/current/plugin/vimballPlugin.vim
172.698  000.327  000.327: sourcing /usr/share/vim/current/plugin/zipPlugin.vim
172.808  002.526: loading plugins
174.123  001.315: inits 3
174.879  000.756: reading viminfo
181.447  006.568: setup clipboard
181.470  000.023: setting raw mode
181.586  000.116: start termcap
181.627  000.041: clearing screen
184.868  000.124  000.124: sourcing /usr/share/vim/current/ftplugin/css.vim
185.685  000.175  000.175: sourcing /usr/share/vim/current/indent/css.vim
189.719  003.450  003.450: sourcing /usr/share/vim/current/syntax/css.vim
240.392  050.539  050.539: sourcing /home/kenny/.vim/bundle/vim-css-color/after/syntax/css.vim
247.782  011.867: opening buffers
248.261  000.479: BufEnter autocommands
248.277  000.016: editing files in windows
248.822  000.545: VimEnter autocommands
248.829  000.007: before starting main loop
260.087  011.258: first screen update
260.095  000.008: --- VIM STARTED ---
